<?xml version="1.0" encoding="UTF-8"?>
<!-- Generated by org.testng.reporters.JUnitXMLReporter -->
<testsuite ignored="0" hostname="Puneeth" failures="0" tests="5" name="Test" time="2.604" errors="0" timestamp="2022-12-27T16:01:59 IST">
  <testcase classname="Org.Test.TestCases.TC1_PostRequest" name="testCase1" time="2.256"/>
  <testcase classname="Org.Test.TestCases.TC2_GetAllRequest" name="testCase2" time="0.067"/>
  <testcase classname="Org.Test.TestCases.TC3_GetParticularRecord" name="testCase3" time="0.07"/>
  <testcase classname="Org.Test.TestCases.TC4_PutRequest" name="testcase4" time="0.077"/>
  <testcase classname="Org.Test.TestCases.TC5_DeleteRequest" name="testcase5" time="0.059"/>
</testsuite> <!-- Test -->
